\BOOKMARK [0][-]{chapter*.2}{\376\377\000R\000\351\000s\000u\000m\000\351}{}% 1
\BOOKMARK [0][-]{chapter*.3}{\376\377\000A\000b\000s\000t\000r\000a\000c\000t}{}% 2
\BOOKMARK [0][-]{chapter.1}{\376\377\000I\000n\000t\000r\000o\000d\000u\000c\000t\000i\000o\000n}{}% 3
\BOOKMARK [0][-]{chapter.2}{\376\377\000I\000n\000f\000o\000r\000m\000a\000t\000i\000o\000n\000s}{}% 4
\BOOKMARK [1][-]{section.2.1}{\376\377\000N\000o\000t\000a\000t\000i\000o\000n\000s}{chapter.2}% 5
\BOOKMARK [1][-]{section.2.2}{\376\377\000C\000o\000n\000s\000t\000a\000n\000t\000e\000s\000\040\000f\000o\000n\000d\000a\000m\000e\000n\000t\000a\000l\000e\000s}{chapter.2}% 6
\BOOKMARK [1][-]{section.2.3}{\376\377\000F\000o\000r\000m\000u\000l\000a\000i\000r\000e}{chapter.2}% 7
\BOOKMARK [2][-]{subsection.2.3.1}{\376\377\000\311\000q\000u\000a\000t\000i\000o\000n\000s\000\040\000d\000e\000\040\000M\000a\000x\000w\000e\000l\000l}{section.2.3}% 8
\BOOKMARK [2][-]{subsection.2.3.2}{\376\377\000R\000e\000l\000a\000t\000i\000v\000i\000t\000\351\000\040\000r\000e\000s\000t\000r\000e\000i\000n\000t\000e}{section.2.3}% 9
\BOOKMARK [2][-]{subsection.2.3.3}{\376\377\000M\000\351\000c\000a\000n\000i\000q\000u\000e\000\040\000q\000u\000a\000n\000t\000i\000q\000u\000e}{section.2.3}% 10
\BOOKMARK [2][-]{subsection.2.3.4}{\376\377\000P\000h\000y\000s\000i\000q\000u\000e\000\040\000s\000t\000a\000t\000i\000s\000t\000i\000q\000u\000e}{section.2.3}% 11
\BOOKMARK [2][-]{subsection.2.3.5}{\376\377\000M\000\351\000c\000a\000n\000i\000q\000u\000e\000\040\000a\000n\000a\000l\000y\000t\000i\000q\000u\000e}{section.2.3}% 12
\BOOKMARK [2][-]{subsection.2.3.6}{\376\377\000P\000h\000y\000s\000i\000q\000u\000e\000\040\000s\000u\000b\000a\000t\000o\000m\000i\000q\000u\000e}{section.2.3}% 13
\BOOKMARK [2][-]{subsection.2.3.7}{\376\377\000O\000p\000\351\000r\000a\000t\000e\000u\000r\000s\000\040\000e\000n\000\040\000c\000o\000o\000r\000d\000o\000n\000n\000\351\000e\000s\000\040\000c\000u\000r\000v\000i\000l\000i\000g\000n\000e\000s}{section.2.3}% 14
\BOOKMARK [2][-]{subsection.2.3.8}{\376\377\000I\000d\000e\000n\000t\000i\000t\000\351\000s\000\040\000t\000r\000i\000g\000o\000n\000o\000m\000\351\000t\000r\000i\000q\000u\000e\000s}{section.2.3}% 15
\BOOKMARK [1][-]{section.2.4}{\376\377\000L\000\351\000g\000e\000n\000d\000e\000\040\000d\000e\000s\000\040\000n\000o\000t\000a\000t\000i\000o\000n\000s\000\040\000t\000h\000\351\000m\000a\000t\000i\000q\000u\000e\000s}{chapter.2}% 16
\BOOKMARK [1][-]{section.2.5}{\376\377\000P\000a\000r\000c\000o\000u\000r\000s\000\040\000s\000u\000g\000g\000\351\000r\000\351\000\040\000e\000n\000\040\000f\000o\000n\000c\000t\000i\000o\000n\000\040\000d\000u\000\040\000n\000i\000v\000e\000a\000u}{chapter.2}% 17
\BOOKMARK [0][-]{chapter.3}{\376\377\000E\000x\000e\000r\000c\000i\000c\000e\000s}{}% 18
\BOOKMARK [1][-]{section.3.1}{\376\377\000P\000r\000o\000b\000l\000\350\000m\000e\000\040\000\340\000\040\000d\000e\000u\000x\000\040\000c\000o\000r\000p\000s\000\040\000e\000t\000\040\000q\000u\000a\000n\000t\000i\000f\000i\000c\000a\000t\000i\000o\000n\000\040\000d\000e\000\040\000l\000'\000a\000t\000o\000m\000e\000\040\000d\000e\000\040\000B\000o\000h\000r}{chapter.3}% 19
\BOOKMARK [2][-]{subsection.3.1.1}{\376\377\000C\000e\000n\000t\000r\000e\000\040\000d\000e\000\040\000m\000a\000s\000s\000e}{section.3.1}% 20
\BOOKMARK [2][-]{subsection.3.1.2}{\376\377\000I\000n\000t\000\351\000g\000r\000a\000t\000i\000o\000n\000\040\000d\000e\000s\000\040\000\351\000q\000u\000a\000t\000i\000o\000n\000s\000\040\000d\000u\000\040\000m\000o\000u\000v\000e\000m\000e\000n\000t}{section.3.1}% 21
\BOOKMARK [2][-]{subsection.3.1.3}{\376\377\000Q\000u\000a\000n\000t\000i\000f\000i\000c\000a\000t\000i\000o\000n\000\040\000d\000e\000\040\000B\000o\000h\000r}{section.3.1}% 22
\BOOKMARK [1][-]{section.3.2}{\376\377\000S\000e\000c\000t\000i\000o\000n\000\040\000e\000f\000f\000i\000c\000a\000c\000e\000\040\000d\000e\000\040\000R\000u\000t\000h\000e\000r\000f\000o\000r\000d}{chapter.3}% 23
\BOOKMARK [2][-]{subsection.3.2.1}{\376\377\000D\000\351\000v\000i\000a\000t\000i\000o\000n\000\040\000d\000'\000u\000n\000e\000\040\000p\000a\000r\000t\000i\000c\000u\000l\000e\000\040\000c\000h\000a\000r\000g\000\351\000e\000\040\000p\000a\000r\000\040\000u\000n\000\040\000n\000o\000y\000a\000u\000\040\000d\000'\000a\000t\000o\000m\000e}{section.3.2}% 24
\BOOKMARK [2][-]{subsection.3.2.2}{\376\377\000S\000e\000c\000t\000i\000o\000n\000\040\000e\000f\000f\000i\000c\000a\000c\000e\000\040\000d\000e\000\040\000R\000u\000t\000h\000e\000r\000f\000o\000r\000d}{section.3.2}% 25
\BOOKMARK [1][-]{section.3.3}{\376\377\000E\000f\000f\000e\000t\000\040\000C\000h\000e\000r\000e\000n\000k\000o\000v}{chapter.3}% 26
\BOOKMARK [1][-]{section.3.4}{\376\377\000M\000a\000c\000h\000i\000n\000e\000\040\000\340\000\040\000c\000h\000a\000m\000p\000\040\000m\000a\000g\000n\000\351\000t\000i\000q\000u\000e\000\040\000p\000u\000l\000s\000\351}{chapter.3}% 27
\BOOKMARK [1][-]{section.3.5}{\376\377\000M\000\351\000t\000r\000i\000q\000u\000e\000\040\000s\000u\000r\000\040\000u\000n\000e\000\040\000s\000p\000h\000\350\000r\000e}{chapter.3}% 28
\BOOKMARK [1][-]{section.3.6}{\376\377\000R\000a\000y\000o\000n\000n\000e\000m\000e\000n\000t\000\040\000d\000u\000\040\000C\000o\000r\000p\000s\000\040\000N\000o\000i\000r}{chapter.3}% 29
\BOOKMARK [2][-]{subsection.3.6.1}{\376\377\000N\000o\000m\000b\000r\000e\000\040\000d\000e\000\040\000m\000o\000d\000e\000s\000\040\000e\000x\000c\000i\000t\000\351\000s\000\040\000p\000a\000r\000\040\000u\000n\000i\000t\000\351\000\040\000d\000e\000\040\000f\000r\000\351\000q\000u\000e\000n\000c\000e\000s}{section.3.6}% 30
\BOOKMARK [2][-]{subsection.3.6.2}{\376\377\000C\000a\000t\000a\000s\000t\000r\000o\000p\000h\000e\000\040\000U\000l\000t\000r\000a\000v\000i\000o\000l\000e\000t\000t\000e}{section.3.6}% 31
\BOOKMARK [2][-]{subsection.3.6.3}{\376\377\000L\000o\000i\000\040\000d\000e\000\040\000P\000l\000a\000n\000c\000k}{section.3.6}% 32
\BOOKMARK [2][-]{subsection.3.6.4}{\376\377\000F\000l\000u\000x\000\040\000\351\000n\000e\000r\000g\000\351\000t\000i\000q\000u\000e\000\040\000\351\000m\000i\000s\000\040\000p\000a\000r\000\040\000u\000n\000\040\000c\000o\000r\000p\000s\000\040\000n\000o\000i\000r}{section.3.6}% 33
\BOOKMARK [2][-]{subsection.3.6.5}{\376\377\000L\000o\000i\000\040\000d\000e\000\040\000S\000t\000e\000f\000a\000n}{section.3.6}% 34
\BOOKMARK [2][-]{subsection.3.6.6}{\376\377\000A\000p\000p\000l\000i\000c\000a\000t\000i\000o\000n\000\040\000:\000\040\000p\000e\000r\000t\000e\000\040\000d\000e\000\040\000m\000a\000s\000s\000e\000\040\000s\000o\000l\000a\000i\000r\000e\000\040\000p\000a\000r\000\040\000r\000a\000y\000o\000n\000n\000e\000m\000e\000n\000t\000\040\000\351\000l\000e\000c\000t\000r\000o\000m\000a\000g\000n\000\351\000t\000i\000q\000u\000e}{section.3.6}% 35
\BOOKMARK [1][-]{section.3.7}{\376\377\000M\000i\000n\000i\000m\000i\000s\000a\000t\000i\000o\000n\000\040\000d\000u\000\040\000p\000o\000t\000e\000n\000t\000i\000e\000l\000\040\000g\000r\000a\000v\000i\000t\000a\000t\000i\000o\000n\000n\000e\000l\000\040\000p\000a\000r\000\040\000u\000n\000e\000\040\000b\000o\000u\000l\000e}{chapter.3}% 36
\BOOKMARK [2][-]{subsection.3.7.1}{\376\377\000F\000o\000r\000m\000u\000l\000e\000\040\000d\000e\000\040\000H\000a\000d\000a\000m\000a\000r\000d}{section.3.7}% 37
\BOOKMARK [2][-]{subsection.3.7.2}{\376\377\000L\000i\000e\000n\000\040\000a\000v\000e\000c\000\040\000l\000e\000\040\000p\000o\000t\000e\000n\000t\000i\000e\000l\000\040\000g\000r\000a\000v\000i\000t\000a\000t\000i\000o\000n\000n\000e\000l}{section.3.7}% 38
\BOOKMARK [2][-]{subsection.3.7.3}{\376\377\000L\000a\000\040\000s\000p\000h\000\350\000r\000e\000\040\000?}{section.3.7}% 39
\BOOKMARK [1][-]{section.3.8}{\376\377\000M\000o\000u\000v\000e\000m\000e\000n\000t\000\040\000r\000e\000l\000a\000t\000i\000v\000i\000s\000t\000e\000\040\000d\000'\000u\000n\000e\000\040\000p\000a\000r\000t\000i\000c\000u\000l\000e\000\040\000c\000h\000a\000r\000g\000\351\000e\000\040}{chapter.3}% 40
\BOOKMARK [2][-]{subsection.3.8.1}{\376\377\000L\000a\000g\000r\000a\000n\000g\000i\000e\000n\000\040\000r\000e\000l\000a\000t\000i\000v\000i\000s\000t\000e\000\040\000d\000'\000u\000n\000e\000\040\000p\000a\000r\000t\000i\000c\000u\000l\000e\000\040\000c\000h\000a\000r\000g\000\351\000e\000\040\000d\000a\000n\000s\000\040\000u\000n\000\040\000c\000h\000a\000m\000p\000\040\000\351\000l\000e\000c\000t\000r\000o\000m\000a\000g\000n\000\351\000t\000i\000q\000u\000e}{section.3.8}% 41
\BOOKMARK [2][-]{subsection.3.8.2}{\376\377\000\311\000q\000u\000a\000t\000i\000o\000n\000s\000\040\000d\000u\000\040\000m\000o\000u\000v\000e\000m\000e\000n\000t\000\040\000d\000'\000u\000n\000e\000\040\000p\000a\000r\000t\000i\000c\000u\000l\000e\000\040\000c\000h\000a\000r\000g\000\351\000e\000\040\000d\000a\000n\000s\000\040\000u\000n\000e\000\040\000o\000n\000d\000e\000\040\000\351\000l\000e\000c\000t\000r\000o\000m\000a\000g\000n\000\351\000t\000i\000q\000u\000e\000\040\000p\000l\000a\000n\000e}{section.3.8}% 42
\BOOKMARK [2][-]{subsection.3.8.3}{\376\377\000T\000h\000\351\000o\000r\000i\000e\000\040\000d\000e\000s\000\040\000C\000h\000a\000m\000p\000s}{section.3.8}% 43
\BOOKMARK [2][-]{subsection.3.8.4}{\376\377\000T\000r\000a\000j\000e\000c\000t\000o\000i\000r\000e\000\040\000d\000'\000u\000n\000e\000\040\000p\000a\000r\000t\000i\000c\000u\000l\000e\000\040\000c\000h\000a\000r\000g\000\351\000e\000\040\000d\000a\000n\000s\000\040\000u\000n\000\040\000c\000h\000a\000m\000p\000\040\000m\000a\000g\000n\000\351\000t\000i\000q\000u\000e\000\040\000c\000o\000n\000s\000t\000a\000n\000t}{section.3.8}% 44
\BOOKMARK [2][-]{subsection.3.8.5}{\376\377\000P\000h\000y\000s\000i\000q\000u\000e\000\040\000d\000e\000s\000\040\000c\000o\000l\000l\000i\000s\000i\000o\000n\000n\000e\000u\000r\000s\000\040\000r\000e\000l\000a\000t\000i\000v\000i\000s\000t\000e\000s}{section.3.8}% 45
\BOOKMARK [1][-]{section.3.9}{\376\377\000H\000y\000d\000r\000o\000d\000y\000n\000a\000m\000i\000q\000u\000e\000\040\000r\000e\000l\000a\000t\000i\000v\000i\000s\000t\000e\000\040\000e\000t\000\040\000c\000o\000l\000l\000i\000s\000i\000o\000n\000s\000\040\000d\000e\000\040\000n\000o\000y\000a\000u\000x\000\040\000l\000o\000u\000r\000d\000s\000\040}{chapter.3}% 46
\BOOKMARK [2][-]{subsection.3.9.1}{\376\377\000H\000y\000d\000r\000o\000d\000y\000n\000a\000m\000i\000q\000u\000e\000\040\000c\000l\000a\000s\000s\000i\000q\000u\000e}{section.3.9}% 47
\BOOKMARK [2][-]{subsection.3.9.2}{\376\377\000I\000n\000t\000r\000o\000d\000u\000c\000t\000i\000o\000n\000\040\000\340\000\040\000l\040\031\000h\000y\000d\000r\000o\000d\000y\000n\000a\000m\000i\000q\000u\000e\000\040\000r\000e\000l\000a\000t\000i\000v\000i\000s\000t\000e}{section.3.9}% 48
\BOOKMARK [2][-]{subsection.3.9.3}{\376\377\000H\000y\000d\000r\000o\000d\000y\000n\000a\000m\000i\000q\000u\000e\000\040\000r\000e\000l\000a\000t\000i\000v\000i\000s\000t\000e}{section.3.9}% 49
\BOOKMARK [2][-]{subsection.3.9.4}{\376\377\000A\000p\000p\000l\000i\000c\000a\000t\000i\000o\000n\000\040\000a\000u\000x\000\040\000c\000o\000l\000l\000i\000s\000i\000o\000n\000s\000\040\000d\000e\000\040\000n\000o\000y\000a\000u\000x\000\040\000l\000o\000u\000r\000d\000s}{section.3.9}% 50
\BOOKMARK [1][-]{section.3.10}{\376\377\000A\000t\000o\000m\000e\000\040\000d\000'\000h\000y\000d\000r\000o\000g\000\350\000n\000e\000\040\000e\000t\000\040\000\351\000q\000u\000a\000t\000i\000o\000n\000\040\000r\000a\000d\000i\000a\000l\000e}{chapter.3}% 51
\BOOKMARK [2][-]{subsection.3.10.1}{\376\377\000S\000\351\000p\000a\000r\000a\000t\000i\000o\000n\000\040\000d\000e\000s\000\040\000v\000a\000r\000i\000a\000b\000l\000e\000s\000\040\000e\000t\000\040\000\351\000q\000u\000a\000t\000i\000o\000n\000\040\000r\000a\000d\000i\000a\000l\000e}{section.3.10}% 52
\BOOKMARK [2][-]{subsection.3.10.2}{\376\377\000\311\000t\000a\000t\000\040\000f\000o\000n\000d\000a\000m\000e\000n\000t\000a\000l\000\040\000\050\000n\000=\0001\000\051\000\040\000e\000t\000\040\000p\000r\000o\000p\000r\000i\000\351\000t\000\351\000s\000\040\000r\000a\000d\000i\000a\000l\000e\000s}{section.3.10}% 53
\BOOKMARK [1][-]{section.3.11}{\376\377\000V\000e\000r\000s\000\040\000u\000n\000\040\000f\000o\000r\000m\000a\000l\000i\000s\000m\000e\000\040\000r\000e\000l\000a\000t\000i\000v\000i\000s\000t\000e\000\040}{chapter.3}% 54
\BOOKMARK [1][-]{section.3.12}{\376\377\000P\000o\000t\000e\000n\000t\000i\000e\000l\000\040\000d\000e\000\040\000P\000\366\000s\000c\000h\000l\040\023\000T\000e\000l\000l\000e\000r\000\040\000V\000\050\000x\000\051\000\040\000=\000\040\000-\000\040\0002\000c\000m\000V\0000\0002\000\050\000x\000\051\000\040}{chapter.3}% 55
\BOOKMARK [1][-]{section.3.13}{\376\377\000I\000n\000s\000t\000a\000b\000i\000l\000i\000t\000\351\000\040\000\351\000l\000e\000c\000t\000r\000o\000d\000y\000n\000a\000m\000i\000q\000u\000e\000\040\000d\000e\000\040\000l\000'\000a\000t\000o\000m\000e\000\040\000c\000l\000a\000s\000s\000i\000q\000u\000e}{chapter.3}% 56
\BOOKMARK [2][-]{subsection.3.13.1}{\376\377\000C\000a\000l\000c\000u\000l\000\040\000d\000e\000\040\000l\000a\000\040\000f\000o\000r\000c\000e\000\040\000d\000e\000\040\000f\000r\000e\000i\000n\000a\000g\000e\000\040\000e\000t\000\040\000d\000e\000\040\000r\000a\000d\000i\000a\000t\000i\000o\000n\000\040\000F\000r\000a\000d\000.}{section.3.13}% 57
\BOOKMARK [2][-]{subsection.3.13.2}{\376\377\000P\000r\000o\000b\000l\000\350\000m\000e\000s\000\040\000c\000o\000n\000c\000e\000p\000t\000u\000e\000l\000s\000\040\000g\000\351\000n\000\351\000r\000\351\000s\000\040\000p\000a\000r\000\040\000l\000a\000\040\000f\000o\000r\000c\000e\000\040\000d\000e\000\040\000f\000r\000e\000i\000n\000a\000g\000e\000\040\000F\000r\000a\000d\000.}{section.3.13}% 58
\BOOKMARK [0][-]{chapter.4}{\376\377\000C\000o\000r\000r\000e\000c\000t\000i\000o\000n\000\040\000d\000e\000s\000\040\000e\000x\000e\000r\000c\000i\000c\000e\000s}{}% 59
\BOOKMARK [1][-]{section.4.1}{\376\377\000[\000s\000u\000b\000s\000e\000c\000:\0002\000c\000o\000r\000p\000s\000]\000P\000r\000o\000b\000l\000\350\000m\000e\000\040\000\340\000\040\000d\000e\000u\000x\000\040\000c\000o\000r\000p\000s}{chapter.4}% 60
\BOOKMARK [2][-]{subsection.4.1.1}{\376\377\000C\000e\000n\000t\000r\000e\000\040\000d\000e\000\040\000m\000a\000s\000s\000e}{section.4.1}% 61
\BOOKMARK [2][-]{subsection.4.1.2}{\376\377\000I\000n\000t\000\351\000g\000r\000a\000t\000i\000o\000n\000\040\000d\000e\000s\000\040\000\351\000q\000u\000a\000t\000i\000o\000n\000s\000\040\000d\000u\000\040\000m\000o\000u\000v\000e\000m\000e\000n\000t}{section.4.1}% 62
\BOOKMARK [2][-]{subsection.4.1.3}{\376\377\000Q\000u\000a\000n\000t\000i\000f\000i\000c\000a\000t\000i\000o\000n\000\040\000d\000e\000\040\000B\000o\000h\000r}{section.4.1}% 63
\BOOKMARK [1][-]{section.4.2}{\376\377\000[\000s\000u\000b\000s\000e\000c\000:\000R\000u\000t\000h\000e\000r\000f\000o\000r\000d\000]\000S\000e\000c\000t\000i\000o\000n\000\040\000e\000f\000f\000i\000c\000a\000c\000e\000\040\000d\000e\000\040\000R\000u\000t\000h\000e\000r\000f\000o\000r\000d}{chapter.4}% 64
\BOOKMARK [2][-]{subsection.4.2.1}{\376\377\000D\000\351\000v\000i\000a\000t\000i\000o\000n\000\040\000d\040\031\000u\000n\000e\000\040\000p\000a\000r\000t\000i\000c\000u\000l\000e\000\040\000c\000h\000a\000r\000g\000\351\000e\000\040\000p\000a\000r\000\040\000u\000n\000\040\000n\000o\000y\000a\000u\000\040\000d\040\031\000a\000t\000o\000m\000e}{section.4.2}% 65
\BOOKMARK [2][-]{subsection.4.2.2}{\376\377\000S\000e\000c\000t\000i\000o\000n\000\040\000e\000f\000f\000i\000c\000a\000c\000e\000\040\000d\000e\000\040\000R\000u\000t\000h\000e\000r\000f\000o\000r\000d}{section.4.2}% 66
\BOOKMARK [1][-]{section.4.3}{\376\377\000[\000s\000u\000b\000s\000e\000c\000:\000C\000h\000e\000r\000e\000n\000k\000o\000v\000]\000E\000f\000f\000e\000t\000\040\000C\000h\000e\000r\000e\000n\000k\000o\000v}{chapter.4}% 67
\BOOKMARK [1][-]{section.4.4}{\376\377\000[\000s\000u\000b\000s\000e\000c\000:\000m\000a\000c\000h\000i\000n\000e\000]\000M\000a\000c\000h\000i\000n\000e\000\040\000\340\000\040\000c\000h\000a\000m\000p\000\040\000m\000a\000g\000n\000\351\000t\000i\000q\000u\000e\000\040\000p\000u\000l\000s\000\351}{chapter.4}% 68
\BOOKMARK [2][-]{subsection.4.4.1}{\376\377\000C\000h\000a\000m\000p\000\040\000m\000a\000g\000n\000\351\000t\000i\000q\000u\000e\000\040\000d\000e\000\040\000l\000a\000\040\000b\000o\000b\000i\000n\000e}{section.4.4}% 69
\BOOKMARK [2][-]{subsection.4.4.2}{\376\377\000C\000h\000a\000m\000p\000\040\000\351\000l\000e\000c\000t\000r\000i\000q\000u\000e\000\040\000i\000n\000d\000u\000i\000t\000\040\000d\000a\000n\000s\000\040\000l\000e\000\040\000t\000i\000s\000s\000u\000\040\000b\000i\000o\000l\000o\000g\000i\000q\000u\000e}{section.4.4}% 70
\BOOKMARK [2][-]{subsection.4.4.3}{\376\377\000E\000f\000f\000e\000t\000\040\000s\000u\000r\000\040\000l\000e\000s\000\040\000n\000e\000u\000r\000o\000n\000e\000s\000\040\000m\000o\000t\000e\000u\000r\000s}{section.4.4}% 71
\BOOKMARK [2][-]{subsection.4.4.4}{\376\377\000E\000f\000f\000e\000t\000\040\000d\000u\000\040\000c\000o\000u\000r\000a\000n\000t\000\040\000o\000s\000c\000i\000l\000l\000a\000n\000t}{section.4.4}% 72
\BOOKMARK [2][-]{subsection.4.4.5}{\376\377\000E\000f\000f\000e\000t\000\040\000d\000u\000\040\000c\000h\000a\000m\000p\000\040\000m\000a\000g\000n\000\351\000t\000i\000q\000u\000e\000\040\000p\000u\000l\000s\000\351\000\040\000s\000u\000r\000\040\000l\000e\000s\000\040\000m\000u\000s\000c\000l\000e\000s}{section.4.4}% 73
\BOOKMARK [1][-]{section.4.5}{\376\377\000[\000s\000u\000b\000s\000e\000c\000:\000S\000c\000h\000w\000a\000r\000z\000s\000c\000h\000i\000l\000d\000]\000M\000\351\000t\000r\000i\000q\000u\000e\000\040\000d\000'\000u\000n\000e\000\040\000s\000p\000h\000\350\000r\000e}{chapter.4}% 74
\BOOKMARK [1][-]{section.4.6}{\376\377\000[\000s\000u\000b\000s\000e\000c\000:\000C\000o\000r\000p\000s\000N\000o\000i\000r\000]\000R\000a\000y\000o\000n\000n\000e\000m\000e\000n\000t\000\040\000d\000u\000\040\000C\000o\000r\000p\000s\000\040\000N\000o\000i\000r}{chapter.4}% 75
\BOOKMARK [2][-]{subsection.4.6.1}{\376\377\000N\000o\000m\000b\000r\000e\000\040\000d\000e\000\040\000m\000o\000d\000e\000s\000\040\000e\000x\000c\000i\000t\000\351\000s\000\040\000p\000a\000r\000\040\000u\000n\000i\000t\000\351\000\040\000d\000e\000\040\000f\000r\000\351\000q\000u\000e\000n\000c\000e\000s}{section.4.6}% 76
\BOOKMARK [2][-]{subsection.4.6.2}{\376\377\000C\000a\000t\000a\000s\000t\000r\000o\000p\000h\000e\000\040\000U\000l\000t\000r\000a\000v\000i\000o\000l\000e\000t\000t\000e}{section.4.6}% 77
\BOOKMARK [2][-]{subsection.4.6.3}{\376\377\000L\000o\000i\000\040\000d\000e\000\040\000P\000l\000a\000n\000c\000k}{section.4.6}% 78
\BOOKMARK [2][-]{subsection.4.6.4}{\376\377\000F\000l\000u\000x\000\040\000\351\000n\000e\000r\000g\000\351\000t\000i\000q\000u\000e\000\040\000\351\000m\000i\000s\000\040\000p\000a\000r\000\040\000u\000n\000\040\000c\000o\000r\000p\000s\000\040\000n\000o\000i\000r}{section.4.6}% 79
\BOOKMARK [2][-]{subsection.4.6.5}{\376\377\000L\000o\000i\000\040\000d\000e\000\040\000S\000t\000e\000f\000a\000n}{section.4.6}% 80
\BOOKMARK [2][-]{subsection.4.6.6}{\376\377\000A\000p\000p\000l\000i\000c\000a\000t\000i\000o\000n\000\040\000:\000\040\000p\000e\000r\000t\000e\000\040\000d\000e\000\040\000m\000a\000s\000s\000e\000\040\000s\000o\000l\000a\000i\000r\000e\000\040\000p\000a\000r\000\040\000r\000a\000y\000o\000n\000n\000e\000m\000e\000n\000t\000\040\000\351\000l\000e\000c\000t\000r\000o\000m\000a\000g\000n\000\351\000t\000i\000q\000u\000e}{section.4.6}% 81
\BOOKMARK [1][-]{section.4.7}{\376\377\000[\000s\000u\000b\000s\000e\000c\000:\000S\000p\000h\000\350\000r\000e\000m\000i\000n\000]\000M\000i\000n\000i\000m\000i\000s\000a\000t\000i\000o\000n\000\040\000d\000u\000\040\000p\000o\000t\000e\000n\000t\000i\000e\000l\000\040\000g\000r\000a\000v\000i\000t\000a\000t\000i\000o\000n\000n\000e\000l\000\040\000p\000a\000r\000\040\000u\000n\000e\000\040\000b\000o\000u\000l\000e}{chapter.4}% 82
\BOOKMARK [2][-]{subsection.4.7.1}{\376\377\000F\000o\000r\000m\000u\000l\000e\000\040\000d\000e\000\040\000H\000a\000d\000a\000m\000a\000r\000d}{section.4.7}% 83
\BOOKMARK [2][-]{subsection.4.7.2}{\376\377\000L\000i\000e\000n\000\040\000a\000v\000e\000c\000\040\000l\000e\000\040\000p\000o\000t\000e\000n\000t\000i\000e\000l\000\040\000g\000r\000a\000v\000i\000t\000a\000t\000i\000o\000n\000n\000e\000l}{section.4.7}% 84
\BOOKMARK [2][-]{subsection.4.7.3}{\376\377\000L\000a\000\040\000s\000p\000h\000\350\000r\000e\000\040\000?}{section.4.7}% 85
\BOOKMARK [1][-]{section.4.8}{\376\377\000[\000s\000u\000b\000s\000e\000c\000:\000R\000e\000l\000e\000q\000]\000M\000o\000u\000v\000e\000m\000e\000n\000t\000\040\000r\000e\000l\000a\000t\000i\000v\000i\000s\000t\000e\000\040\000d\000'\000u\000n\000e\000\040\000p\000a\000r\000t\000i\000c\000u\000l\000e\000\040\000c\000h\000a\000r\000g\000\351\000e\000\040}{chapter.4}% 86
\BOOKMARK [1][-]{section.4.9}{\376\377\000[\000s\000u\000b\000s\000e\000c\000:\000H\000y\000d\000]\000H\000y\000d\000r\000o\000d\000y\000n\000a\000m\000i\000q\000u\000e\000\040\000r\000e\000l\000a\000t\000i\000v\000i\000s\000t\000e\000\040\000e\000t\000\040\000c\000o\000l\000l\000i\000s\000i\000o\000n\000s\000\040\000d\000e\000\040\000n\000o\000y\000a\000u\000x\000\040\000l\000o\000u\000r\000d\000s\000\040}{chapter.4}% 87
\BOOKMARK [1][-]{section.4.10}{\376\377\000[\000s\000u\000b\000s\000e\000c\000:\000A\000t\000o\000m\000]\000A\000t\000o\000m\000e\000\040\000d\000'\000h\000y\000d\000r\000o\000g\000\350\000n\000e\000\040\000e\000t\000\040\000\351\000q\000u\000a\000t\000i\000o\000n\000\040\000r\000a\000d\000i\000a\000l\000e}{chapter.4}% 88
\BOOKMARK [2][-]{subsection.4.10.1}{\376\377\000S\000\351\000p\000a\000r\000a\000t\000i\000o\000n\000\040\000d\000e\000s\000\040\000v\000a\000r\000i\000a\000b\000l\000e\000s\000\040\000e\000t\000\040\000\351\000q\000u\000a\000t\000i\000o\000n\000\040\000r\000a\000d\000i\000a\000l\000e}{section.4.10}% 89
\BOOKMARK [2][-]{subsection.4.10.2}{\376\377\000\311\000t\000a\000t\000\040\000f\000o\000n\000d\000a\000m\000e\000n\000t\000a\000l\000\040\000\050\000n\000=\0001\000\051\000\040\000e\000t\000\040\000p\000r\000o\000p\000r\000i\000\351\000t\000\351\000s\000\040\000r\000a\000d\000i\000a\000l\000e\000s}{section.4.10}% 90
\BOOKMARK [1][-]{section.4.11}{\376\377\000[\000s\000u\000b\000s\000e\000c\000:\000D\000i\000r\000a\000c\000]\000V\000e\000r\000s\000\040\000u\000n\000\040\000f\000o\000r\000m\000a\000l\000i\000s\000m\000e\000\040\000r\000e\000l\000a\000t\000i\000v\000i\000s\000t\000e\000\040}{chapter.4}% 91
\BOOKMARK [1][-]{section.4.12}{\376\377\000[\000s\000u\000b\000s\000e\000c\000:\000P\000o\000t\000e\000n\000t\000i\000e\000l\000]\000P\000o\000t\000e\000n\000t\000i\000e\000l\000\040\000d\000e\000\040\000P\000\366\000s\000c\000h\000l\040\023\000T\000e\000l\000l\000e\000r\000\040\000V\000\050\000x\000\051\000\040\000=\000\040\000-\000\040\0002\000c\000m\000V\0000\0002\000\050\000x\000\051\000\040}{chapter.4}% 92
\BOOKMARK [1][-]{section.4.13}{\376\377\000[\000s\000u\000b\000s\000e\000c\000:\000I\000n\000s\000t\000a\000b\000l\000e\000]\000I\000n\000s\000t\000a\000b\000i\000l\000i\000t\000\351\000\040\000\351\000l\000e\000c\000t\000r\000o\000d\000y\000n\000a\000m\000i\000q\000u\000e\000\040\000d\000e\000\040\000l\000'\000a\000t\000o\000m\000e\000\040\000c\000l\000a\000s\000s\000i\000q\000u\000e}{chapter.4}% 93
\BOOKMARK [2][-]{subsection.4.13.1}{\376\377\000C\000a\000l\000c\000u\000l\000\040\000d\000e\000\040\000l\000a\000\040\000f\000o\000r\000c\000e\000\040\000d\000e\000\040\000f\000r\000e\000i\000n\000a\000g\000e\000\040\000e\000t\000\040\000d\000e\000\040\000r\000a\000d\000i\000a\000t\000i\000o\000n\000\040\000F\000r\000a\000d\000.}{section.4.13}% 94
\BOOKMARK [2][-]{subsection.4.13.2}{\376\377\000P\000r\000o\000b\000l\000\350\000m\000e\000s\000\040\000c\000o\000n\000c\000e\000p\000t\000u\000e\000l\000s\000\040\000g\000\351\000n\000\351\000r\000\351\000s\000\040\000p\000a\000r\000\040\000l\000a\000\040\000f\000o\000r\000c\000e\000\040\000d\000e\000\040\000f\000r\000e\000i\000n\000a\000g\000e\000\040\000F\000r\000a\000d\000.}{section.4.13}% 95
